0 info it worked if it ends with ok
1 verbose cli [ '/usr/local/bin/node', '/usr/local/bin/npm', 'run', 'serve' ]
2 info using npm@3.9.5
3 info using node@v5.6.0
4 verbose run-script [ 'preserve', 'serve', 'postserve' ]
5 info lifecycle webpack-starter@1.0.4~preserve: webpack-starter@1.0.4
6 silly lifecycle webpack-starter@1.0.4~preserve: no script for preserve, continuing
7 info lifecycle webpack-starter@1.0.4~serve: webpack-starter@1.0.4
8 verbose lifecycle webpack-starter@1.0.4~serve: unsafe-perm in lifecycle true
9 verbose lifecycle webpack-starter@1.0.4~serve: PATH: /usr/local/lib/node_modules/npm/bin/node-gyp-bin:/Users/arnoschutijzer/Documents/coding/webdev/webpack-starter/node_modules/.bin:/usr/local/bin:/usr/local/bin:/usr/bin:/bin:/usr/sbin:/sbin
10 verbose lifecycle webpack-starter@1.0.4~serve: CWD: /Users/arnoschutijzer/Documents/coding/webdev/webpack-starter
11 silly lifecycle webpack-starter@1.0.4~serve: Args: [ '-c', 'webpack-dev-server --inline --progress' ]
12 silly lifecycle webpack-starter@1.0.4~serve: Returned: code: 1  signal: null
13 info lifecycle webpack-starter@1.0.4~serve: Failed to exec serve script
14 verbose stack Error: webpack-starter@1.0.4 serve: `webpack-dev-server --inline --progress`
14 verbose stack Exit status 1
14 verbose stack     at EventEmitter.<anonymous> (/usr/local/lib/node_modules/npm/lib/utils/lifecycle.js:245:16)
14 verbose stack     at emitTwo (events.js:100:13)
14 verbose stack     at EventEmitter.emit (events.js:185:7)
14 verbose stack     at ChildProcess.<anonymous> (/usr/local/lib/node_modules/npm/lib/utils/spawn.js:24:14)
14 verbose stack     at emitTwo (events.js:100:13)
14 verbose stack     at ChildProcess.emit (events.js:185:7)
14 verbose stack     at maybeClose (internal/child_process.js:827:16)
14 verbose stack     at Process.ChildProcess._handle.onexit (internal/child_process.js:211:5)
15 verbose pkgid webpack-starter@1.0.4
16 verbose cwd /Users/arnoschutijzer/Documents/coding/webdev/webpack-starter
17 error Darwin 15.5.0
18 error argv "/usr/local/bin/node" "/usr/local/bin/npm" "run" "serve"
19 error node v5.6.0
20 error npm  v3.9.5
21 error code ELIFECYCLE
22 error webpack-starter@1.0.4 serve: `webpack-dev-server --inline --progress`
22 error Exit status 1
23 error Failed at the webpack-starter@1.0.4 serve script 'webpack-dev-server --inline --progress'.
23 error Make sure you have the latest version of node.js and npm installed.
23 error If you do, this is most likely a problem with the webpack-starter package,
23 error not with npm itself.
23 error Tell the author that this fails on your system:
23 error     webpack-dev-server --inline --progress
23 error You can get information on how to open an issue for this project with:
23 error     npm bugs webpack-starter
23 error Or if that isn't available, you can get their info via:
23 error     npm owner ls webpack-starter
23 error There is likely additional logging output above.
24 verbose exit [ 1, true ]
